0 info it worked if it ends with ok
1 verbose cli [ 'C:\\nodejs\\node.exe',
1 verbose cli   'C:\\nodejs\\node_modules\\npm\\bin\\npm-cli.js',
1 verbose cli   'install',
1 verbose cli   '--save',
1 verbose cli   '@angular2-material/all' ]
2 info using npm@3.10.3
3 info using node@v6.5.0
4 silly loadCurrentTree Starting
5 silly install loadCurrentTree
6 silly install readLocalPackageData
7 silly fetchPackageMetaData @angular2-material/all
8 silly fetchNamedPackageData @angular2-material/all
9 silly mapToRegistry name @angular2-material/all
10 silly mapToRegistry scope (from package name) @angular2-material
11 verbose mapToRegistry no registry URL found in name for scope @angular2-material
12 silly mapToRegistry using default registry
13 silly mapToRegistry registry https://registry.npmjs.org/
14 silly mapToRegistry data Result {
14 silly mapToRegistry   raw: '@angular2-material/all',
14 silly mapToRegistry   scope: '@angular2-material',
14 silly mapToRegistry   escapedName: '@angular2-material%2fall',
14 silly mapToRegistry   name: '@angular2-material/all',
14 silly mapToRegistry   rawSpec: '',
14 silly mapToRegistry   spec: 'latest',
14 silly mapToRegistry   type: 'tag' }
15 silly mapToRegistry uri https://registry.npmjs.org/@angular2-material%2fall
16 verbose request uri https://registry.npmjs.org/@angular2-material%2fall
17 verbose request no auth needed
18 info attempt registry request try #1 at 11:39:57 PM
19 verbose request id 1b9fe1bcd154e5f1
20 http request GET https://registry.npmjs.org/@angular2-material%2fall
21 http 404 https://registry.npmjs.org/@angular2-material%2fall
22 verbose headers { 'content-type': 'application/json',
22 verbose headers   'cache-control': 'max-age=0',
22 verbose headers   'content-length': '21',
22 verbose headers   'accept-ranges': 'bytes',
22 verbose headers   date: 'Fri, 09 Sep 2016 20:39:58 GMT',
22 verbose headers   via: '1.1 varnish',
22 verbose headers   age: '0',
22 verbose headers   connection: 'keep-alive',
22 verbose headers   'x-served-by': 'cache-fra1234-FRA',
22 verbose headers   'x-cache': 'MISS',
22 verbose headers   'x-cache-hits': '0',
22 verbose headers   'x-timer': 'S1473453598.052766,VS0,VE197' }
23 silly get cb [ 404,
23 silly get   { 'content-type': 'application/json',
23 silly get     'cache-control': 'max-age=0',
23 silly get     'content-length': '21',
23 silly get     'accept-ranges': 'bytes',
23 silly get     date: 'Fri, 09 Sep 2016 20:39:58 GMT',
23 silly get     via: '1.1 varnish',
23 silly get     age: '0',
23 silly get     connection: 'keep-alive',
23 silly get     'x-served-by': 'cache-fra1234-FRA',
23 silly get     'x-cache': 'MISS',
23 silly get     'x-cache-hits': '0',
23 silly get     'x-timer': 'S1473453598.052766,VS0,VE197' } ]
24 silly fetchPackageMetaData Error: Not found : @angular2-material/all
24 silly fetchPackageMetaData     at makeError (C:\nvm\v6.5.0\node_modules\npm\node_modules\npm-registry-client\lib\request.js:264:12)
24 silly fetchPackageMetaData     at CachingRegistryClient.<anonymous> (C:\nvm\v6.5.0\node_modules\npm\node_modules\npm-registry-client\lib\request.js:252:14)
24 silly fetchPackageMetaData     at Request._callback (C:\nvm\v6.5.0\node_modules\npm\node_modules\npm-registry-client\lib\request.js:172:14)
24 silly fetchPackageMetaData     at Request.self.callback (C:\nvm\v6.5.0\node_modules\npm\node_modules\request\request.js:200:22)
24 silly fetchPackageMetaData     at emitTwo (events.js:106:13)
24 silly fetchPackageMetaData     at Request.emit (events.js:191:7)
24 silly fetchPackageMetaData     at Request.<anonymous> (C:\nvm\v6.5.0\node_modules\npm\node_modules\request\request.js:1067:10)
24 silly fetchPackageMetaData     at emitOne (events.js:101:20)
24 silly fetchPackageMetaData     at Request.emit (events.js:188:7)
24 silly fetchPackageMetaData     at IncomingMessage.<anonymous> (C:\nvm\v6.5.0\node_modules\npm\node_modules\request\request.js:988:12)
24 silly fetchPackageMetaData  error for @angular2-material/all { Error: Not found : @angular2-material/all
24 silly fetchPackageMetaData     at makeError (C:\nvm\v6.5.0\node_modules\npm\node_modules\npm-registry-client\lib\request.js:264:12)
24 silly fetchPackageMetaData     at CachingRegistryClient.<anonymous> (C:\nvm\v6.5.0\node_modules\npm\node_modules\npm-registry-client\lib\request.js:252:14)
24 silly fetchPackageMetaData     at Request._callback (C:\nvm\v6.5.0\node_modules\npm\node_modules\npm-registry-client\lib\request.js:172:14)
24 silly fetchPackageMetaData     at Request.self.callback (C:\nvm\v6.5.0\node_modules\npm\node_modules\request\request.js:200:22)
24 silly fetchPackageMetaData     at emitTwo (events.js:106:13)
24 silly fetchPackageMetaData     at Request.emit (events.js:191:7)
24 silly fetchPackageMetaData     at Request.<anonymous> (C:\nvm\v6.5.0\node_modules\npm\node_modules\request\request.js:1067:10)
24 silly fetchPackageMetaData     at emitOne (events.js:101:20)
24 silly fetchPackageMetaData     at Request.emit (events.js:188:7)
24 silly fetchPackageMetaData     at IncomingMessage.<anonymous> (C:\nvm\v6.5.0\node_modules\npm\node_modules\request\request.js:988:12)
24 silly fetchPackageMetaData   pkgid: '@angular2-material/all',
24 silly fetchPackageMetaData   statusCode: 404,
24 silly fetchPackageMetaData   code: 'E404' }
25 silly rollbackFailedOptional Starting
26 silly rollbackFailedOptional Finishing
27 silly runTopLevelLifecycles Starting
28 silly runTopLevelLifecycles Finishing
29 silly install printInstalled
30 verbose stack Error: Not found : @angular2-material/all
30 verbose stack     at makeError (C:\nvm\v6.5.0\node_modules\npm\node_modules\npm-registry-client\lib\request.js:264:12)
30 verbose stack     at CachingRegistryClient.<anonymous> (C:\nvm\v6.5.0\node_modules\npm\node_modules\npm-registry-client\lib\request.js:252:14)
30 verbose stack     at Request._callback (C:\nvm\v6.5.0\node_modules\npm\node_modules\npm-registry-client\lib\request.js:172:14)
30 verbose stack     at Request.self.callback (C:\nvm\v6.5.0\node_modules\npm\node_modules\request\request.js:200:22)
30 verbose stack     at emitTwo (events.js:106:13)
30 verbose stack     at Request.emit (events.js:191:7)
30 verbose stack     at Request.<anonymous> (C:\nvm\v6.5.0\node_modules\npm\node_modules\request\request.js:1067:10)
30 verbose stack     at emitOne (events.js:101:20)
30 verbose stack     at Request.emit (events.js:188:7)
30 verbose stack     at IncomingMessage.<anonymous> (C:\nvm\v6.5.0\node_modules\npm\node_modules\request\request.js:988:12)
31 verbose statusCode 404
32 verbose pkgid @angular2-material/all
33 verbose cwd d:\Project\mobile\reactNative\playground\server\client
34 error Windows_NT 10.0.14393
35 error argv "C:\\nodejs\\node.exe" "C:\\nodejs\\node_modules\\npm\\bin\\npm-cli.js" "install" "--save" "@angular2-material/all"
36 error node v6.5.0
37 error npm  v3.10.3
38 error code E404
39 error 404 Not found : @angular2-material/all
40 error 404
41 error 404 '@angular2-material/all' is not in the npm registry.
42 error 404 You should bug the author to publish it (or use the name yourself!)
43 error 404 Note that you can also install from a
44 error 404 tarball, folder, http url, or git url.
45 verbose exit [ 1, true ]
